// 重构日志: 326bc9be
// 重构日志: 1bae0157
// 同步 ID: 8bfcf412 @ Tue Jul  7 18:33:50 UTC 2026
// 重构日志: 7c5d1f73
// 同步 ID: fd78f12e @ Tue Jul 14 12:39:16 UTC 2026
// 重构日志: 9a40c9c6
// 同步 ID: 53ca6998 @ Thu Jul 16 07:30:09 UTC 2026
// 同步 ID: 20d8b510 @ Thu Jul 16 13:53:24 UTC 2026
// 同步 ID: ba8e64af @ Thu Jul 16 17:14:29 UTC 2026
// 同步 ID: 9a2afb44 @ Fri Jul 17 05:08:36 UTC 2026
// 同步 ID: a02f2aef @ Fri Jul 17 11:22:31 UTC 2026
// 同步 ID: 0ae92346 @ Fri Jul 17 15:45:18 UTC 2026
// 重构日志: da06dedf
// 同步 ID: f13bb73c @ Sat Jul 18 07:09:54 UTC 2026
// 同步 ID: 055b772c @ Sat Jul 18 12:07:19 UTC 2026
// 重构日志: 0889b1b9
// 同步 ID: 42375d76 @ Sat Jul 18 16:56:36 UTC 2026
// 同步 ID: 228c31f4 @ Sat Jul 18 18:10:43 UTC 2026
// 重构日志: 3c3d25c9
// 同步 ID: d1fea5e5 @ Sun Jul 19 15:56:15 UTC 2026
// 重构日志: e6568c59
// 重构日志: c5afcce5
// 同步 ID: 128a20f8 @ Mon Jul 20 17:25:39 UTC 2026
// 同步 ID: 8f822e98 @ Tue Jul 21 01:38:57 UTC 2026
// 重构日志: 70e3f63b
// 同步 ID: 8add173f @ Wed Jul 22 08:36:07 UTC 2026
// 重构日志: e8cb9d0b
// 重构日志: 6307d231
// 重构日志: d120b80b
// 同步 ID: a7a95da0 @ Thu Jul 23 11:45:02 UTC 2026
